Oct 16 19:24:50 DefaultModule [info] 
SEND MAIL SUCCESS
==================
SMTP HOST   : localhost:25
SENDER      : noreply@innergytc.com
FROM        : noreply@innergytc.com
TO          : innergy1964@gmail.com
SUBJECT     : Contact from innergy1964@gmail.com
==================

Oct 16 19:24:50 DefaultModule [info] 
SEND MAIL SUCCESS
==================
SMTP HOST   : localhost:25
SENDER      : noreply@innergytc.com
FROM        : noreply@innergytc.com
TO          : vasanthipillay@innergytc.com
SUBJECT     : Contact from innergy1964@gmail.com
==================

Oct 16 19:24:50 DefaultModule [info] 
SEND MAIL SUCCESS
==================
SMTP HOST   : localhost:25
SENDER      : noreply@innergytc.com
FROM        : noreply@innergytc.com
TO          : vasanthipillay@gmail.com
SUBJECT     : Contact from innergy1964@gmail.com
==================

Oct 16 19:24:50 DefaultModule [info] 
SEND MAIL SUCCESS
==================
SMTP HOST   : localhost:25
SENDER      : noreply@innergytc.com
FROM        : noreply@innergytc.com
TO          : vasanthi130764@gmail.com
SUBJECT     : Contact from innergy1964@gmail.com
==================

