Mar 28 10:52:54 DefaultModule [info] 
SEND MAIL SUCCESS
==================
SMTP HOST   : localhost:25
SENDER      : noreply@innergytc.com
FROM        : noreply@innergytc.com
TO          : hoiyen@itconcept.sg
SUBJECT     : Contact from hoiyen@itconcept.sg
==================

Mar 28 10:52:54 DefaultModule [info] 
SEND MAIL SUCCESS
==================
SMTP HOST   : localhost:25
SENDER      : noreply@innergytc.com
FROM        : noreply@innergytc.com
TO          : vasanthipillay@innergytc.com
SUBJECT     : Contact from hoiyen@itconcept.sg
==================

Mar 28 10:52:54 DefaultModule [info] 
SEND MAIL SUCCESS
==================
SMTP HOST   : localhost:25
SENDER      : noreply@innergytc.com
FROM        : noreply@innergytc.com
TO          : vasanthipillay@gmail.com
SUBJECT     : Contact from hoiyen@itconcept.sg
==================

Mar 28 10:52:54 DefaultModule [info] 
SEND MAIL SUCCESS
==================
SMTP HOST   : localhost:25
SENDER      : noreply@innergytc.com
FROM        : noreply@innergytc.com
TO          : vasanthi130764@gmail.com
SUBJECT     : Contact from hoiyen@itconcept.sg
==================

Mar 28 10:52:54 DefaultModule [info] 
SEND MAIL SUCCESS
==================
SMTP HOST   : localhost:25
SENDER      : noreply@innergytc.com
FROM        : noreply@innergytc.com
TO          : hoiyen@itconcept.sg
SUBJECT     : Contact from hoiyen@itconcept.sg
==================

