Dec 01 17:21:55 ContactUsModule [info] 
SEND MAIL SUCCESS
==================
SMTP HOST   : mail.fsholdings.co.id:25
SENDER      : noreply@fsholdings.co.id
FROM        : noreply@fsholdings.co.id
TO          : jent.a.i.wo.r.l.d.pict.u.re.t5@o5o5.ru
SUBJECT     : Contact from jent.a.i.wo.r.l.d.pict.u.re.t5@o5o5.ru
==================

Dec 01 17:21:55 ContactUsModule [info] 
SEND MAIL SUCCESS
==================
SMTP HOST   : mail.fsholdings.co.id:25
SENDER      : noreply@fsholdings.co.id
FROM        : noreply@fsholdings.co.id
TO          : info@fsholdings.co.id
SUBJECT     : Contact from jent.a.i.wo.r.l.d.pict.u.re.t5@o5o5.ru
==================

Dec 01 17:21:55 ContactUsModule [info] 
SEND MAIL SUCCESS
==================
SMTP HOST   : mail.fsholdings.co.id:25
SENDER      : noreply@fsholdings.co.id
FROM        : noreply@fsholdings.co.id
TO          : admin@fsholdings.co.id
SUBJECT     : Contact from jent.a.i.wo.r.l.d.pict.u.re.t5@o5o5.ru
==================

Dec 01 17:21:55 ContactUsModule [info] 
SEND MAIL SUCCESS
==================
SMTP HOST   : mail.fsholdings.co.id:25
SENDER      : noreply@fsholdings.co.id
FROM        : noreply@fsholdings.co.id
TO          : yoelin.anugrah@fsholdings.co.id
SUBJECT     : Contact from jent.a.i.wo.r.l.d.pict.u.re.t5@o5o5.ru
==================

Dec 01 17:21:55 ContactUsModule [info] 
SEND MAIL SUCCESS
==================
SMTP HOST   : mail.fsholdings.co.id:25
SENDER      : noreply@fsholdings.co.id
FROM        : noreply@fsholdings.co.id
TO          : info_product@fsholdings.co.id
SUBJECT     : Contact from jent.a.i.wo.r.l.d.pict.u.re.t5@o5o5.ru
==================

