Jun 04 06:50:18 ContactUsModule [error] 
SEND MAIL FAILED
==================
SMTP HOST   : mail.itc2.clientsdemo.net:25
SENDER      : no-reply@itc2.clientsdemo.net
FROM        : no-reply@itc2.clientsdemo.net
TO          : intermstores@gmail.com
SUBJECT     : Contact from intermstores@gmail.com
ERROR #     : 2
PROBLEMS    : - SMTP Error: Could not authenticate.
              - SMTP Error: The following recipients failed: intermstores@gmail.com
==================

Jun 04 09:17:00 ContactUsModule [error] 
SEND MAIL FAILED
==================
SMTP HOST   : mail.itc2.clientsdemo.net:25
SENDER      : no-reply@itc2.clientsdemo.net
FROM        : no-reply@itc2.clientsdemo.net
TO          : micgyhaelLes@gmail.com
SUBJECT     : Contact from micgyhaelLes@gmail.com
ERROR #     : 2
PROBLEMS    : - SMTP Error: Could not authenticate.
              - SMTP Error: The following recipients failed: micgyhaelLes@gmail.com
==================

