May 04 12:41:23 ContactUsModule [info] 
SEND MAIL SUCCESS
==================
SMTP HOST   : mail.fsholdings.co.id:25
SENDER      : noreply@fsholdings.co.id
FROM        : noreply@fsholdings.co.id
TO          : rescuer.info@list.ru
SUBJECT     : Contact from rescuer.info@list.ru
==================

May 04 12:41:23 ContactUsModule [info] 
SEND MAIL SUCCESS
==================
SMTP HOST   : mail.fsholdings.co.id:25
SENDER      : noreply@fsholdings.co.id
FROM        : noreply@fsholdings.co.id
TO          : info@fsholdings.co.id
SUBJECT     : Contact from rescuer.info@list.ru
==================

May 04 12:41:23 ContactUsModule [info] 
SEND MAIL SUCCESS
==================
SMTP HOST   : mail.fsholdings.co.id:25
SENDER      : noreply@fsholdings.co.id
FROM        : noreply@fsholdings.co.id
TO          : admin@fsholdings.co.id
SUBJECT     : Contact from rescuer.info@list.ru
==================

May 04 12:41:23 ContactUsModule [info] 
SEND MAIL SUCCESS
==================
SMTP HOST   : mail.fsholdings.co.id:25
SENDER      : noreply@fsholdings.co.id
FROM        : noreply@fsholdings.co.id
TO          : yoelin.anugrah@fsholdings.co.id
SUBJECT     : Contact from rescuer.info@list.ru
==================

May 04 12:41:23 ContactUsModule [info] 
SEND MAIL SUCCESS
==================
SMTP HOST   : mail.fsholdings.co.id:25
SENDER      : noreply@fsholdings.co.id
FROM        : noreply@fsholdings.co.id
TO          : info_product@fsholdings.co.id
SUBJECT     : Contact from rescuer.info@list.ru
==================

May 04 13:17:05 ContactUsModule [info] 
SEND MAIL SUCCESS
==================
SMTP HOST   : mail.fsholdings.co.id:25
SENDER      : noreply@fsholdings.co.id
FROM        : noreply@fsholdings.co.id
TO          : glenna.sidney@yahoo.com
SUBJECT     : Contact from glenna.sidney@yahoo.com
==================

May 04 13:17:05 ContactUsModule [info] 
SEND MAIL SUCCESS
==================
SMTP HOST   : mail.fsholdings.co.id:25
SENDER      : noreply@fsholdings.co.id
FROM        : noreply@fsholdings.co.id
TO          : info@fsholdings.co.id
SUBJECT     : Contact from glenna.sidney@yahoo.com
==================

May 04 13:17:05 ContactUsModule [info] 
SEND MAIL SUCCESS
==================
SMTP HOST   : mail.fsholdings.co.id:25
SENDER      : noreply@fsholdings.co.id
FROM        : noreply@fsholdings.co.id
TO          : admin@fsholdings.co.id
SUBJECT     : Contact from glenna.sidney@yahoo.com
==================

May 04 13:17:05 ContactUsModule [info] 
SEND MAIL SUCCESS
==================
SMTP HOST   : mail.fsholdings.co.id:25
SENDER      : noreply@fsholdings.co.id
FROM        : noreply@fsholdings.co.id
TO          : yoelin.anugrah@fsholdings.co.id
SUBJECT     : Contact from glenna.sidney@yahoo.com
==================

May 04 13:17:05 ContactUsModule [info] 
SEND MAIL SUCCESS
==================
SMTP HOST   : mail.fsholdings.co.id:25
SENDER      : noreply@fsholdings.co.id
FROM        : noreply@fsholdings.co.id
TO          : info_product@fsholdings.co.id
SUBJECT     : Contact from glenna.sidney@yahoo.com
==================

