May 06 14:21:02 ContactUsModule [info] 
SEND MAIL SUCCESS
==================
SMTP HOST   : mail.fsholdings.co.id:25
SENDER      : noreply@fsholdings.co.id
FROM        : noreply@fsholdings.co.id
TO          : graceosborne9429@gmail.com
SUBJECT     : Contact from graceosborne9429@gmail.com
==================

May 06 14:21:02 ContactUsModule [info] 
SEND MAIL SUCCESS
==================
SMTP HOST   : mail.fsholdings.co.id:25
SENDER      : noreply@fsholdings.co.id
FROM        : noreply@fsholdings.co.id
TO          : info@fsholdings.co.id
SUBJECT     : Contact from graceosborne9429@gmail.com
==================

May 06 14:21:02 ContactUsModule [info] 
SEND MAIL SUCCESS
==================
SMTP HOST   : mail.fsholdings.co.id:25
SENDER      : noreply@fsholdings.co.id
FROM        : noreply@fsholdings.co.id
TO          : admin@fsholdings.co.id
SUBJECT     : Contact from graceosborne9429@gmail.com
==================

May 06 14:21:02 ContactUsModule [info] 
SEND MAIL SUCCESS
==================
SMTP HOST   : mail.fsholdings.co.id:25
SENDER      : noreply@fsholdings.co.id
FROM        : noreply@fsholdings.co.id
TO          : yoelin.anugrah@fsholdings.co.id
SUBJECT     : Contact from graceosborne9429@gmail.com
==================

May 06 14:21:02 ContactUsModule [info] 
SEND MAIL SUCCESS
==================
SMTP HOST   : mail.fsholdings.co.id:25
SENDER      : noreply@fsholdings.co.id
FROM        : noreply@fsholdings.co.id
TO          : info_product@fsholdings.co.id
SUBJECT     : Contact from graceosborne9429@gmail.com
==================

