Oct 16 14:19:24 ContactUsModule [info] 
SEND MAIL SUCCESS
==================
SMTP HOST   : localhost:25
SENDER      : noreply@innergytc.com
FROM        : noreply@innergytc.com
TO          : hoiyen@itconcept.sg
SUBJECT     : Contact from hoiyen@itconcept.sg
==================

Oct 16 14:19:24 ContactUsModule [info] 
SEND MAIL SUCCESS
==================
SMTP HOST   : localhost:25
SENDER      : noreply@innergytc.com
FROM        : noreply@innergytc.com
TO          : hoiyen@itconcept.sg
SUBJECT     : Contact from hoiyen@itconcept.sg
==================

Oct 16 18:57:43 ContactUsModule [info] 
SEND MAIL SUCCESS
==================
SMTP HOST   : localhost:25
SENDER      : noreply@innergytc.com
FROM        : noreply@innergytc.com
TO          : innergy1964@gmail.com
SUBJECT     : Contact from innergy1964@gmail.com
==================

Oct 16 18:57:43 ContactUsModule [info] 
SEND MAIL SUCCESS
==================
SMTP HOST   : localhost:25
SENDER      : noreply@innergytc.com
FROM        : noreply@innergytc.com
TO          : vasanthipillay@innergytc.com
SUBJECT     : Contact from innergy1964@gmail.com
==================

Oct 16 18:57:43 ContactUsModule [info] 
SEND MAIL SUCCESS
==================
SMTP HOST   : localhost:25
SENDER      : noreply@innergytc.com
FROM        : noreply@innergytc.com
TO          : vasanthipillay@gmail.com
SUBJECT     : Contact from innergy1964@gmail.com
==================

Oct 16 18:57:44 ContactUsModule [info] 
SEND MAIL SUCCESS
==================
SMTP HOST   : localhost:25
SENDER      : noreply@innergytc.com
FROM        : noreply@innergytc.com
TO          : vasanthi130764@gmail.com
SUBJECT     : Contact from innergy1964@gmail.com
==================

