Apr 21 18:02:11 ContactUsModule [info] 
SEND MAIL SUCCESS
==================
SMTP HOST   : mail.fsholdings.co.id:25
SENDER      : noreply@fsholdings.co.id
FROM        : noreply@fsholdings.co.id
TO          : mazikinstanislav@gmail.com
SUBJECT     : Contact from mazikinstanislav@gmail.com
==================

Apr 21 18:02:11 ContactUsModule [info] 
SEND MAIL SUCCESS
==================
SMTP HOST   : mail.fsholdings.co.id:25
SENDER      : noreply@fsholdings.co.id
FROM        : noreply@fsholdings.co.id
TO          : info@fsholdings.co.id
SUBJECT     : Contact from mazikinstanislav@gmail.com
==================

Apr 21 18:02:11 ContactUsModule [info] 
SEND MAIL SUCCESS
==================
SMTP HOST   : mail.fsholdings.co.id:25
SENDER      : noreply@fsholdings.co.id
FROM        : noreply@fsholdings.co.id
TO          : admin@fsholdings.co.id
SUBJECT     : Contact from mazikinstanislav@gmail.com
==================

Apr 21 18:02:11 ContactUsModule [info] 
SEND MAIL SUCCESS
==================
SMTP HOST   : mail.fsholdings.co.id:25
SENDER      : noreply@fsholdings.co.id
FROM        : noreply@fsholdings.co.id
TO          : yoelin.anugrah@fsholdings.co.id
SUBJECT     : Contact from mazikinstanislav@gmail.com
==================

Apr 21 18:02:11 ContactUsModule [info] 
SEND MAIL SUCCESS
==================
SMTP HOST   : mail.fsholdings.co.id:25
SENDER      : noreply@fsholdings.co.id
FROM        : noreply@fsholdings.co.id
TO          : info_product@fsholdings.co.id
SUBJECT     : Contact from mazikinstanislav@gmail.com
==================

