Dec 24 00:02:15 ContactUsModule [info] 
SEND MAIL SUCCESS
==================
SMTP HOST   : mail.fsholdings.co.id:25
SENDER      : noreply@fsholdings.co.id
FROM        : noreply@fsholdings.co.id
TO          : dmuchovskij-1979@mail.ru
SUBJECT     : Contact from dmuchovskij-1979@mail.ru
==================

Dec 24 00:02:15 ContactUsModule [info] 
SEND MAIL SUCCESS
==================
SMTP HOST   : mail.fsholdings.co.id:25
SENDER      : noreply@fsholdings.co.id
FROM        : noreply@fsholdings.co.id
TO          : info@fsholdings.co.id
SUBJECT     : Contact from dmuchovskij-1979@mail.ru
==================

Dec 24 00:02:15 ContactUsModule [info] 
SEND MAIL SUCCESS
==================
SMTP HOST   : mail.fsholdings.co.id:25
SENDER      : noreply@fsholdings.co.id
FROM        : noreply@fsholdings.co.id
TO          : admin@fsholdings.co.id
SUBJECT     : Contact from dmuchovskij-1979@mail.ru
==================

Dec 24 00:02:15 ContactUsModule [info] 
SEND MAIL SUCCESS
==================
SMTP HOST   : mail.fsholdings.co.id:25
SENDER      : noreply@fsholdings.co.id
FROM        : noreply@fsholdings.co.id
TO          : rusman.salem@fsholdings.co.id
SUBJECT     : Contact from dmuchovskij-1979@mail.ru
==================

Dec 24 00:02:16 ContactUsModule [info] 
SEND MAIL SUCCESS
==================
SMTP HOST   : mail.fsholdings.co.id:25
SENDER      : noreply@fsholdings.co.id
FROM        : noreply@fsholdings.co.id
TO          : yoelin.anugrah@fsholdings.co.id
SUBJECT     : Contact from dmuchovskij-1979@mail.ru
==================

Dec 24 00:02:16 ContactUsModule [info] 
SEND MAIL SUCCESS
==================
SMTP HOST   : mail.fsholdings.co.id:25
SENDER      : noreply@fsholdings.co.id
FROM        : noreply@fsholdings.co.id
TO          : info_product@fsholdings.co.id
SUBJECT     : Contact from dmuchovskij-1979@mail.ru
==================

Dec 24 00:02:52 ContactUsModule [info] 
SEND MAIL SUCCESS
==================
SMTP HOST   : mail.fsholdings.co.id:25
SENDER      : noreply@fsholdings.co.id
FROM        : noreply@fsholdings.co.id
TO          : 2005.marinet@mail.ru
SUBJECT     : Contact from 2005.marinet@mail.ru
==================

Dec 24 00:02:52 ContactUsModule [info] 
SEND MAIL SUCCESS
==================
SMTP HOST   : mail.fsholdings.co.id:25
SENDER      : noreply@fsholdings.co.id
FROM        : noreply@fsholdings.co.id
TO          : info@fsholdings.co.id
SUBJECT     : Contact from 2005.marinet@mail.ru
==================

Dec 24 00:02:52 ContactUsModule [info] 
SEND MAIL SUCCESS
==================
SMTP HOST   : mail.fsholdings.co.id:25
SENDER      : noreply@fsholdings.co.id
FROM        : noreply@fsholdings.co.id
TO          : admin@fsholdings.co.id
SUBJECT     : Contact from 2005.marinet@mail.ru
==================

Dec 24 00:02:52 ContactUsModule [info] 
SEND MAIL SUCCESS
==================
SMTP HOST   : mail.fsholdings.co.id:25
SENDER      : noreply@fsholdings.co.id
FROM        : noreply@fsholdings.co.id
TO          : rusman.salem@fsholdings.co.id
SUBJECT     : Contact from 2005.marinet@mail.ru
==================

Dec 24 00:02:52 ContactUsModule [info] 
SEND MAIL SUCCESS
==================
SMTP HOST   : mail.fsholdings.co.id:25
SENDER      : noreply@fsholdings.co.id
FROM        : noreply@fsholdings.co.id
TO          : yoelin.anugrah@fsholdings.co.id
SUBJECT     : Contact from 2005.marinet@mail.ru
==================

Dec 24 00:02:52 ContactUsModule [info] 
SEND MAIL SUCCESS
==================
SMTP HOST   : mail.fsholdings.co.id:25
SENDER      : noreply@fsholdings.co.id
FROM        : noreply@fsholdings.co.id
TO          : info_product@fsholdings.co.id
SUBJECT     : Contact from 2005.marinet@mail.ru
==================

Dec 24 00:04:07 ContactUsModule [info] 
SEND MAIL SUCCESS
==================
SMTP HOST   : mail.fsholdings.co.id:25
SENDER      : noreply@fsholdings.co.id
FROM        : noreply@fsholdings.co.id
TO          : edikakopyan3@gmail.com
SUBJECT     : Contact from edikakopyan3@gmail.com
==================

Dec 24 00:04:07 ContactUsModule [info] 
SEND MAIL SUCCESS
==================
SMTP HOST   : mail.fsholdings.co.id:25
SENDER      : noreply@fsholdings.co.id
FROM        : noreply@fsholdings.co.id
TO          : info@fsholdings.co.id
SUBJECT     : Contact from edikakopyan3@gmail.com
==================

Dec 24 00:04:07 ContactUsModule [info] 
SEND MAIL SUCCESS
==================
SMTP HOST   : mail.fsholdings.co.id:25
SENDER      : noreply@fsholdings.co.id
FROM        : noreply@fsholdings.co.id
TO          : admin@fsholdings.co.id
SUBJECT     : Contact from edikakopyan3@gmail.com
==================

Dec 24 00:04:08 ContactUsModule [info] 
SEND MAIL SUCCESS
==================
SMTP HOST   : mail.fsholdings.co.id:25
SENDER      : noreply@fsholdings.co.id
FROM        : noreply@fsholdings.co.id
TO          : rusman.salem@fsholdings.co.id
SUBJECT     : Contact from edikakopyan3@gmail.com
==================

Dec 24 00:04:08 ContactUsModule [info] 
SEND MAIL SUCCESS
==================
SMTP HOST   : mail.fsholdings.co.id:25
SENDER      : noreply@fsholdings.co.id
FROM        : noreply@fsholdings.co.id
TO          : yoelin.anugrah@fsholdings.co.id
SUBJECT     : Contact from edikakopyan3@gmail.com
==================

Dec 24 00:04:08 ContactUsModule [info] 
SEND MAIL SUCCESS
==================
SMTP HOST   : mail.fsholdings.co.id:25
SENDER      : noreply@fsholdings.co.id
FROM        : noreply@fsholdings.co.id
TO          : info_product@fsholdings.co.id
SUBJECT     : Contact from edikakopyan3@gmail.com
==================

Dec 24 00:05:42 ContactUsModule [info] 
SEND MAIL SUCCESS
==================
SMTP HOST   : mail.fsholdings.co.id:25
SENDER      : noreply@fsholdings.co.id
FROM        : noreply@fsholdings.co.id
TO          : ounazigzitova@gmail.com
SUBJECT     : Contact from ounazigzitova@gmail.com
==================

Dec 24 00:05:42 ContactUsModule [info] 
SEND MAIL SUCCESS
==================
SMTP HOST   : mail.fsholdings.co.id:25
SENDER      : noreply@fsholdings.co.id
FROM        : noreply@fsholdings.co.id
TO          : info@fsholdings.co.id
SUBJECT     : Contact from ounazigzitova@gmail.com
==================

Dec 24 00:05:42 ContactUsModule [info] 
SEND MAIL SUCCESS
==================
SMTP HOST   : mail.fsholdings.co.id:25
SENDER      : noreply@fsholdings.co.id
FROM        : noreply@fsholdings.co.id
TO          : admin@fsholdings.co.id
SUBJECT     : Contact from ounazigzitova@gmail.com
==================

Dec 24 00:05:42 ContactUsModule [info] 
SEND MAIL SUCCESS
==================
SMTP HOST   : mail.fsholdings.co.id:25
SENDER      : noreply@fsholdings.co.id
FROM        : noreply@fsholdings.co.id
TO          : rusman.salem@fsholdings.co.id
SUBJECT     : Contact from ounazigzitova@gmail.com
==================

Dec 24 00:05:42 ContactUsModule [info] 
SEND MAIL SUCCESS
==================
SMTP HOST   : mail.fsholdings.co.id:25
SENDER      : noreply@fsholdings.co.id
FROM        : noreply@fsholdings.co.id
TO          : yoelin.anugrah@fsholdings.co.id
SUBJECT     : Contact from ounazigzitova@gmail.com
==================

Dec 24 00:05:42 ContactUsModule [info] 
SEND MAIL SUCCESS
==================
SMTP HOST   : mail.fsholdings.co.id:25
SENDER      : noreply@fsholdings.co.id
FROM        : noreply@fsholdings.co.id
TO          : info_product@fsholdings.co.id
SUBJECT     : Contact from ounazigzitova@gmail.com
==================

Dec 24 00:06:18 ContactUsModule [info] 
SEND MAIL SUCCESS
==================
SMTP HOST   : mail.fsholdings.co.id:25
SENDER      : noreply@fsholdings.co.id
FROM        : noreply@fsholdings.co.id
TO          : 19vitaliksalixov87@gmail.com
SUBJECT     : Contact from 19vitaliksalixov87@gmail.com
==================

Dec 24 00:06:18 ContactUsModule [info] 
SEND MAIL SUCCESS
==================
SMTP HOST   : mail.fsholdings.co.id:25
SENDER      : noreply@fsholdings.co.id
FROM        : noreply@fsholdings.co.id
TO          : info@fsholdings.co.id
SUBJECT     : Contact from 19vitaliksalixov87@gmail.com
==================

Dec 24 00:06:18 ContactUsModule [info] 
SEND MAIL SUCCESS
==================
SMTP HOST   : mail.fsholdings.co.id:25
SENDER      : noreply@fsholdings.co.id
FROM        : noreply@fsholdings.co.id
TO          : admin@fsholdings.co.id
SUBJECT     : Contact from 19vitaliksalixov87@gmail.com
==================

Dec 24 00:06:19 ContactUsModule [info] 
SEND MAIL SUCCESS
==================
SMTP HOST   : mail.fsholdings.co.id:25
SENDER      : noreply@fsholdings.co.id
FROM        : noreply@fsholdings.co.id
TO          : rusman.salem@fsholdings.co.id
SUBJECT     : Contact from 19vitaliksalixov87@gmail.com
==================

Dec 24 00:06:19 ContactUsModule [info] 
SEND MAIL SUCCESS
==================
SMTP HOST   : mail.fsholdings.co.id:25
SENDER      : noreply@fsholdings.co.id
FROM        : noreply@fsholdings.co.id
TO          : yoelin.anugrah@fsholdings.co.id
SUBJECT     : Contact from 19vitaliksalixov87@gmail.com
==================

Dec 24 00:06:19 ContactUsModule [info] 
SEND MAIL SUCCESS
==================
SMTP HOST   : mail.fsholdings.co.id:25
SENDER      : noreply@fsholdings.co.id
FROM        : noreply@fsholdings.co.id
TO          : info_product@fsholdings.co.id
SUBJECT     : Contact from 19vitaliksalixov87@gmail.com
==================

Dec 24 00:08:34 ContactUsModule [info] 
SEND MAIL SUCCESS
==================
SMTP HOST   : mail.fsholdings.co.id:25
SENDER      : noreply@fsholdings.co.id
FROM        : noreply@fsholdings.co.id
TO          : ara.nam1988@gmail.com
SUBJECT     : Contact from ara.nam1988@gmail.com
==================

Dec 24 00:08:34 ContactUsModule [info] 
SEND MAIL SUCCESS
==================
SMTP HOST   : mail.fsholdings.co.id:25
SENDER      : noreply@fsholdings.co.id
FROM        : noreply@fsholdings.co.id
TO          : info@fsholdings.co.id
SUBJECT     : Contact from ara.nam1988@gmail.com
==================

Dec 24 00:08:34 ContactUsModule [info] 
SEND MAIL SUCCESS
==================
SMTP HOST   : mail.fsholdings.co.id:25
SENDER      : noreply@fsholdings.co.id
FROM        : noreply@fsholdings.co.id
TO          : admin@fsholdings.co.id
SUBJECT     : Contact from ara.nam1988@gmail.com
==================

Dec 24 00:08:34 ContactUsModule [info] 
SEND MAIL SUCCESS
==================
SMTP HOST   : mail.fsholdings.co.id:25
SENDER      : noreply@fsholdings.co.id
FROM        : noreply@fsholdings.co.id
TO          : rusman.salem@fsholdings.co.id
SUBJECT     : Contact from ara.nam1988@gmail.com
==================

Dec 24 00:08:34 ContactUsModule [info] 
SEND MAIL SUCCESS
==================
SMTP HOST   : mail.fsholdings.co.id:25
SENDER      : noreply@fsholdings.co.id
FROM        : noreply@fsholdings.co.id
TO          : yoelin.anugrah@fsholdings.co.id
SUBJECT     : Contact from ara.nam1988@gmail.com
==================

Dec 24 00:08:35 ContactUsModule [info] 
SEND MAIL SUCCESS
==================
SMTP HOST   : mail.fsholdings.co.id:25
SENDER      : noreply@fsholdings.co.id
FROM        : noreply@fsholdings.co.id
TO          : info_product@fsholdings.co.id
SUBJECT     : Contact from ara.nam1988@gmail.com
==================

Dec 24 00:11:35 ContactUsModule [info] 
SEND MAIL SUCCESS
==================
SMTP HOST   : mail.fsholdings.co.id:25
SENDER      : noreply@fsholdings.co.id
FROM        : noreply@fsholdings.co.id
TO          : mordok2015@gmail.com
SUBJECT     : Contact from mordok2015@gmail.com
==================

Dec 24 00:11:35 ContactUsModule [info] 
SEND MAIL SUCCESS
==================
SMTP HOST   : mail.fsholdings.co.id:25
SENDER      : noreply@fsholdings.co.id
FROM        : noreply@fsholdings.co.id
TO          : info@fsholdings.co.id
SUBJECT     : Contact from mordok2015@gmail.com
==================

Dec 24 00:11:35 ContactUsModule [info] 
SEND MAIL SUCCESS
==================
SMTP HOST   : mail.fsholdings.co.id:25
SENDER      : noreply@fsholdings.co.id
FROM        : noreply@fsholdings.co.id
TO          : admin@fsholdings.co.id
SUBJECT     : Contact from mordok2015@gmail.com
==================

Dec 24 00:11:35 ContactUsModule [info] 
SEND MAIL SUCCESS
==================
SMTP HOST   : mail.fsholdings.co.id:25
SENDER      : noreply@fsholdings.co.id
FROM        : noreply@fsholdings.co.id
TO          : rusman.salem@fsholdings.co.id
SUBJECT     : Contact from mordok2015@gmail.com
==================

Dec 24 00:11:35 ContactUsModule [info] 
SEND MAIL SUCCESS
==================
SMTP HOST   : mail.fsholdings.co.id:25
SENDER      : noreply@fsholdings.co.id
FROM        : noreply@fsholdings.co.id
TO          : yoelin.anugrah@fsholdings.co.id
SUBJECT     : Contact from mordok2015@gmail.com
==================

Dec 24 00:11:35 ContactUsModule [info] 
SEND MAIL SUCCESS
==================
SMTP HOST   : mail.fsholdings.co.id:25
SENDER      : noreply@fsholdings.co.id
FROM        : noreply@fsholdings.co.id
TO          : info_product@fsholdings.co.id
SUBJECT     : Contact from mordok2015@gmail.com
==================

Dec 24 00:12:45 ContactUsModule [info] 
SEND MAIL SUCCESS
==================
SMTP HOST   : mail.fsholdings.co.id:25
SENDER      : noreply@fsholdings.co.id
FROM        : noreply@fsholdings.co.id
TO          : andrejv688@gmail.com
SUBJECT     : Contact from andrejv688@gmail.com
==================

Dec 24 00:12:45 ContactUsModule [info] 
SEND MAIL SUCCESS
==================
SMTP HOST   : mail.fsholdings.co.id:25
SENDER      : noreply@fsholdings.co.id
FROM        : noreply@fsholdings.co.id
TO          : info@fsholdings.co.id
SUBJECT     : Contact from andrejv688@gmail.com
==================

Dec 24 00:12:45 ContactUsModule [info] 
SEND MAIL SUCCESS
==================
SMTP HOST   : mail.fsholdings.co.id:25
SENDER      : noreply@fsholdings.co.id
FROM        : noreply@fsholdings.co.id
TO          : admin@fsholdings.co.id
SUBJECT     : Contact from andrejv688@gmail.com
==================

Dec 24 00:12:45 ContactUsModule [info] 
SEND MAIL SUCCESS
==================
SMTP HOST   : mail.fsholdings.co.id:25
SENDER      : noreply@fsholdings.co.id
FROM        : noreply@fsholdings.co.id
TO          : rusman.salem@fsholdings.co.id
SUBJECT     : Contact from andrejv688@gmail.com
==================

Dec 24 00:12:45 ContactUsModule [info] 
SEND MAIL SUCCESS
==================
SMTP HOST   : mail.fsholdings.co.id:25
SENDER      : noreply@fsholdings.co.id
FROM        : noreply@fsholdings.co.id
TO          : yoelin.anugrah@fsholdings.co.id
SUBJECT     : Contact from andrejv688@gmail.com
==================

Dec 24 00:12:46 ContactUsModule [info] 
SEND MAIL SUCCESS
==================
SMTP HOST   : mail.fsholdings.co.id:25
SENDER      : noreply@fsholdings.co.id
FROM        : noreply@fsholdings.co.id
TO          : info_product@fsholdings.co.id
SUBJECT     : Contact from andrejv688@gmail.com
==================

Dec 24 15:41:23 ContactUsModule [info] 
SEND MAIL SUCCESS
==================
SMTP HOST   : mail.fsholdings.co.id:25
SENDER      : noreply@fsholdings.co.id
FROM        : noreply@fsholdings.co.id
TO          : abcex.com@rediffmail.com
SUBJECT     : Contact from abcex.com@rediffmail.com
==================

Dec 24 15:41:23 ContactUsModule [info] 
SEND MAIL SUCCESS
==================
SMTP HOST   : mail.fsholdings.co.id:25
SENDER      : noreply@fsholdings.co.id
FROM        : noreply@fsholdings.co.id
TO          : info@fsholdings.co.id
SUBJECT     : Contact from abcex.com@rediffmail.com
==================

Dec 24 15:41:23 ContactUsModule [info] 
SEND MAIL SUCCESS
==================
SMTP HOST   : mail.fsholdings.co.id:25
SENDER      : noreply@fsholdings.co.id
FROM        : noreply@fsholdings.co.id
TO          : admin@fsholdings.co.id
SUBJECT     : Contact from abcex.com@rediffmail.com
==================

Dec 24 15:41:23 ContactUsModule [info] 
SEND MAIL SUCCESS
==================
SMTP HOST   : mail.fsholdings.co.id:25
SENDER      : noreply@fsholdings.co.id
FROM        : noreply@fsholdings.co.id
TO          : rusman.salem@fsholdings.co.id
SUBJECT     : Contact from abcex.com@rediffmail.com
==================

Dec 24 15:41:23 ContactUsModule [info] 
SEND MAIL SUCCESS
==================
SMTP HOST   : mail.fsholdings.co.id:25
SENDER      : noreply@fsholdings.co.id
FROM        : noreply@fsholdings.co.id
TO          : yoelin.anugrah@fsholdings.co.id
SUBJECT     : Contact from abcex.com@rediffmail.com
==================

Dec 24 15:41:23 ContactUsModule [info] 
SEND MAIL SUCCESS
==================
SMTP HOST   : mail.fsholdings.co.id:25
SENDER      : noreply@fsholdings.co.id
FROM        : noreply@fsholdings.co.id
TO          : info_product@fsholdings.co.id
SUBJECT     : Contact from abcex.com@rediffmail.com
==================

