Oct 31 13:14:41 ContactUsModule [info] 
SEND MAIL SUCCESS
==================
SMTP HOST   : localhost:25
SENDER      : noreply@innergytc.com
FROM        : noreply@innergytc.com
TO          : vaspillay@gmail.com
SUBJECT     : Contact from vaspillay@gmail.com
==================

Oct 31 13:14:41 ContactUsModule [info] 
SEND MAIL SUCCESS
==================
SMTP HOST   : localhost:25
SENDER      : noreply@innergytc.com
FROM        : noreply@innergytc.com
TO          : vasanthipillay@innergytc.com
SUBJECT     : Contact from vaspillay@gmail.com
==================

Oct 31 13:14:41 ContactUsModule [info] 
SEND MAIL SUCCESS
==================
SMTP HOST   : localhost:25
SENDER      : noreply@innergytc.com
FROM        : noreply@innergytc.com
TO          : vasanthipillay@gmail.com
SUBJECT     : Contact from vaspillay@gmail.com
==================

Oct 31 13:14:41 ContactUsModule [info] 
SEND MAIL SUCCESS
==================
SMTP HOST   : localhost:25
SENDER      : noreply@innergytc.com
FROM        : noreply@innergytc.com
TO          : vasanthi130764@gmail.com
SUBJECT     : Contact from vaspillay@gmail.com
==================

